0 info it worked if it ends with ok
1 verbose cli [ 'C:\\Program Files\\nodejs\\\\node.exe',
1 verbose cli   'C:\\Program Files\\nodejs\\node_modules\\npm\\bin\\npm-cli.js',
1 verbose cli   'install' ]
2 info using npm@1.4.28
3 info using node@v0.10.33
4 verbose node symlink C:\Program Files\nodejs\\node.exe
5 verbose readDependencies using package.json deps
6 verbose install where, deps [ 'C:\\Users\\prusd_000\\WebApps\\writing-prompts',
6 verbose install   [ 'bcryptjs',
6 verbose install     'body-parser',
6 verbose install     'express',
6 verbose install     'mongoose',
6 verbose install     'morgan',
6 verbose install     'async',
6 verbose install     'jwt-simple',
6 verbose install     'lodash',
6 verbose install     'moment',
6 verbose install     'request' ] ]
7 info preinstall writing-prompts@0.0.0
8 verbose readDependencies using package.json deps
9 verbose cache add [ 'bcryptjs@^2.1.0', null ]
10 verbose cache add name=undefined spec="bcryptjs@^2.1.0" args=["bcryptjs@^2.1.0",null]
11 verbose parsed url { protocol: null,
11 verbose parsed url   slashes: null,
11 verbose parsed url   auth: null,
11 verbose parsed url   host: null,
11 verbose parsed url   port: null,
11 verbose parsed url   hostname: null,
11 verbose parsed url   hash: null,
11 verbose parsed url   search: null,
11 verbose parsed url   query: null,
11 verbose parsed url   pathname: 'bcryptjs@^2.1.0',
11 verbose parsed url   path: 'bcryptjs@^2.1.0',
11 verbose parsed url   href: 'bcryptjs@^2.1.0' }
12 verbose cache add [ 'body-parser@~1.8.1', null ]
13 verbose cache add name=undefined spec="body-parser@~1.8.1" args=["body-parser@~1.8.1",null]
14 verbose parsed url { protocol: null,
14 verbose parsed url   slashes: null,
14 verbose parsed url   auth: null,
14 verbose parsed url   host: null,
14 verbose parsed url   port: null,
14 verbose parsed url   hostname: null,
14 verbose parsed url   hash: null,
14 verbose parsed url   search: null,
14 verbose parsed url   query: null,
14 verbose parsed url   pathname: 'body-parser@~1.8.1',
14 verbose parsed url   path: 'body-parser@~1.8.1',
14 verbose parsed url   href: 'body-parser@~1.8.1' }
15 verbose cache add [ 'express@~4.9.0', null ]
16 verbose cache add name=undefined spec="express@~4.9.0" args=["express@~4.9.0",null]
17 verbose parsed url { protocol: null,
17 verbose parsed url   slashes: null,
17 verbose parsed url   auth: null,
17 verbose parsed url   host: null,
17 verbose parsed url   port: null,
17 verbose parsed url   hostname: null,
17 verbose parsed url   hash: null,
17 verbose parsed url   search: null,
17 verbose parsed url   query: null,
17 verbose parsed url   pathname: 'express@~4.9.0',
17 verbose parsed url   path: 'express@~4.9.0',
17 verbose parsed url   href: 'express@~4.9.0' }
18 verbose cache add [ 'mongoose@^3.8.22', null ]
19 verbose cache add name=undefined spec="mongoose@^3.8.22" args=["mongoose@^3.8.22",null]
20 verbose parsed url { protocol: null,
20 verbose parsed url   slashes: null,
20 verbose parsed url   auth: null,
20 verbose parsed url   host: null,
20 verbose parsed url   port: null,
20 verbose parsed url   hostname: null,
20 verbose parsed url   hash: null,
20 verbose parsed url   search: null,
20 verbose parsed url   query: null,
20 verbose parsed url   pathname: 'mongoose@^3.8.22',
20 verbose parsed url   path: 'mongoose@^3.8.22',
20 verbose parsed url   href: 'mongoose@^3.8.22' }
21 verbose cache add [ 'morgan@~1.3.0', null ]
22 verbose cache add name=undefined spec="morgan@~1.3.0" args=["morgan@~1.3.0",null]
23 verbose parsed url { protocol: null,
23 verbose parsed url   slashes: null,
23 verbose parsed url   auth: null,
23 verbose parsed url   host: null,
23 verbose parsed url   port: null,
23 verbose parsed url   hostname: null,
23 verbose parsed url   hash: null,
23 verbose parsed url   search: null,
23 verbose parsed url   query: null,
23 verbose parsed url   pathname: 'morgan@~1.3.0',
23 verbose parsed url   path: 'morgan@~1.3.0',
23 verbose parsed url   href: 'morgan@~1.3.0' }
24 verbose cache add [ 'async@^0.9.0', null ]
25 verbose cache add name=undefined spec="async@^0.9.0" args=["async@^0.9.0",null]
26 verbose parsed url { protocol: null,
26 verbose parsed url   slashes: null,
26 verbose parsed url   auth: null,
26 verbose parsed url   host: null,
26 verbose parsed url   port: null,
26 verbose parsed url   hostname: null,
26 verbose parsed url   hash: null,
26 verbose parsed url   search: null,
26 verbose parsed url   query: null,
26 verbose parsed url   pathname: 'async@^0.9.0',
26 verbose parsed url   path: 'async@^0.9.0',
26 verbose parsed url   href: 'async@^0.9.0' }
27 verbose cache add [ 'jwt-simple@^0.2.0', null ]
28 verbose cache add name=undefined spec="jwt-simple@^0.2.0" args=["jwt-simple@^0.2.0",null]
29 verbose parsed url { protocol: null,
29 verbose parsed url   slashes: null,
29 verbose parsed url   auth: null,
29 verbose parsed url   host: null,
29 verbose parsed url   port: null,
29 verbose parsed url   hostname: null,
29 verbose parsed url   hash: null,
29 verbose parsed url   search: null,
29 verbose parsed url   query: null,
29 verbose parsed url   pathname: 'jwt-simple@^0.2.0',
29 verbose parsed url   path: 'jwt-simple@^0.2.0',
29 verbose parsed url   href: 'jwt-simple@^0.2.0' }
30 verbose cache add [ 'lodash@^2.4.1', null ]
31 verbose cache add name=undefined spec="lodash@^2.4.1" args=["lodash@^2.4.1",null]
32 verbose parsed url { protocol: null,
32 verbose parsed url   slashes: null,
32 verbose parsed url   auth: null,
32 verbose parsed url   host: null,
32 verbose parsed url   port: null,
32 verbose parsed url   hostname: null,
32 verbose parsed url   hash: null,
32 verbose parsed url   search: null,
32 verbose parsed url   query: null,
32 verbose parsed url   pathname: 'lodash@^2.4.1',
32 verbose parsed url   path: 'lodash@^2.4.1',
32 verbose parsed url   href: 'lodash@^2.4.1' }
33 verbose cache add [ 'moment@^2.9.0', null ]
34 verbose cache add name=undefined spec="moment@^2.9.0" args=["moment@^2.9.0",null]
35 verbose parsed url { protocol: null,
35 verbose parsed url   slashes: null,
35 verbose parsed url   auth: null,
35 verbose parsed url   host: null,
35 verbose parsed url   port: null,
35 verbose parsed url   hostname: null,
35 verbose parsed url   hash: null,
35 verbose parsed url   search: null,
35 verbose parsed url   query: null,
35 verbose parsed url   pathname: 'moment@^2.9.0',
35 verbose parsed url   path: 'moment@^2.9.0',
35 verbose parsed url   href: 'moment@^2.9.0' }
36 verbose cache add [ 'request@^2.51.0', null ]
37 verbose cache add name=undefined spec="request@^2.51.0" args=["request@^2.51.0",null]
38 verbose parsed url { protocol: null,
38 verbose parsed url   slashes: null,
38 verbose parsed url   auth: null,
38 verbose parsed url   host: null,
38 verbose parsed url   port: null,
38 verbose parsed url   hostname: null,
38 verbose parsed url   hash: null,
38 verbose parsed url   search: null,
38 verbose parsed url   query: null,
38 verbose parsed url   pathname: 'request@^2.51.0',
38 verbose parsed url   path: 'request@^2.51.0',
38 verbose parsed url   href: 'request@^2.51.0' }
39 verbose cache add name="bcryptjs" spec="^2.1.0" args=["bcryptjs","^2.1.0"]
40 verbose parsed url { protocol: null,
40 verbose parsed url   slashes: null,
40 verbose parsed url   auth: null,
40 verbose parsed url   host: null,
40 verbose parsed url   port: null,
40 verbose parsed url   hostname: null,
40 verbose parsed url   hash: null,
40 verbose parsed url   search: null,
40 verbose parsed url   query: null,
40 verbose parsed url   pathname: '^2.1.0',
40 verbose parsed url   path: '^2.1.0',
40 verbose parsed url   href: '^2.1.0' }
41 verbose addNamed [ 'bcryptjs', '^2.1.0' ]
42 verbose addNamed [ null, '>=2.1.0-0 <3.0.0-0' ]
43 verbose cache add name="body-parser" spec="~1.8.1" args=["body-parser","~1.8.1"]
44 verbose parsed url { protocol: null,
44 verbose parsed url   slashes: null,
44 verbose parsed url   auth: null,
44 verbose parsed url   host: null,
44 verbose parsed url   port: null,
44 verbose parsed url   hostname: null,
44 verbose parsed url   hash: null,
44 verbose parsed url   search: null,
44 verbose parsed url   query: null,
44 verbose parsed url   pathname: '~1.8.1',
44 verbose parsed url   path: '~1.8.1',
44 verbose parsed url   href: '~1.8.1' }
45 verbose addNamed [ 'body-parser', '~1.8.1' ]
46 verbose addNamed [ null, '>=1.8.1-0 <1.9.0-0' ]
47 verbose cache add name="express" spec="~4.9.0" args=["express","~4.9.0"]
48 verbose parsed url { protocol: null,
48 verbose parsed url   slashes: null,
48 verbose parsed url   auth: null,
48 verbose parsed url   host: null,
48 verbose parsed url   port: null,
48 verbose parsed url   hostname: null,
48 verbose parsed url   hash: null,
48 verbose parsed url   search: null,
48 verbose parsed url   query: null,
48 verbose parsed url   pathname: '~4.9.0',
48 verbose parsed url   path: '~4.9.0',
48 verbose parsed url   href: '~4.9.0' }
49 verbose addNamed [ 'express', '~4.9.0' ]
50 verbose addNamed [ null, '>=4.9.0-0 <4.10.0-0' ]
51 verbose cache add name="mongoose" spec="^3.8.22" args=["mongoose","^3.8.22"]
52 verbose parsed url { protocol: null,
52 verbose parsed url   slashes: null,
52 verbose parsed url   auth: null,
52 verbose parsed url   host: null,
52 verbose parsed url   port: null,
52 verbose parsed url   hostname: null,
52 verbose parsed url   hash: null,
52 verbose parsed url   search: null,
52 verbose parsed url   query: null,
52 verbose parsed url   pathname: '^3.8.22',
52 verbose parsed url   path: '^3.8.22',
52 verbose parsed url   href: '^3.8.22' }
53 verbose addNamed [ 'mongoose', '^3.8.22' ]
54 verbose addNamed [ null, '>=3.8.22-0 <4.0.0-0' ]
55 verbose cache add name="morgan" spec="~1.3.0" args=["morgan","~1.3.0"]
56 verbose parsed url { protocol: null,
56 verbose parsed url   slashes: null,
56 verbose parsed url   auth: null,
56 verbose parsed url   host: null,
56 verbose parsed url   port: null,
56 verbose parsed url   hostname: null,
56 verbose parsed url   hash: null,
56 verbose parsed url   search: null,
56 verbose parsed url   query: null,
56 verbose parsed url   pathname: '~1.3.0',
56 verbose parsed url   path: '~1.3.0',
56 verbose parsed url   href: '~1.3.0' }
57 verbose addNamed [ 'morgan', '~1.3.0' ]
58 verbose addNamed [ null, '>=1.3.0-0 <1.4.0-0' ]
59 verbose cache add name="async" spec="^0.9.0" args=["async","^0.9.0"]
60 verbose parsed url { protocol: null,
60 verbose parsed url   slashes: null,
60 verbose parsed url   auth: null,
60 verbose parsed url   host: null,
60 verbose parsed url   port: null,
60 verbose parsed url   hostname: null,
60 verbose parsed url   hash: null,
60 verbose parsed url   search: null,
60 verbose parsed url   query: null,
60 verbose parsed url   pathname: '^0.9.0',
60 verbose parsed url   path: '^0.9.0',
60 verbose parsed url   href: '^0.9.0' }
61 verbose addNamed [ 'async', '^0.9.0' ]
62 verbose addNamed [ null, '>=0.9.0-0 <0.10.0-0' ]
63 verbose cache add name="jwt-simple" spec="^0.2.0" args=["jwt-simple","^0.2.0"]
64 verbose parsed url { protocol: null,
64 verbose parsed url   slashes: null,
64 verbose parsed url   auth: null,
64 verbose parsed url   host: null,
64 verbose parsed url   port: null,
64 verbose parsed url   hostname: null,
64 verbose parsed url   hash: null,
64 verbose parsed url   search: null,
64 verbose parsed url   query: null,
64 verbose parsed url   pathname: '^0.2.0',
64 verbose parsed url   path: '^0.2.0',
64 verbose parsed url   href: '^0.2.0' }
65 verbose addNamed [ 'jwt-simple', '^0.2.0' ]
66 verbose addNamed [ null, '>=0.2.0-0 <0.3.0-0' ]
67 verbose cache add name="lodash" spec="^2.4.1" args=["lodash","^2.4.1"]
68 verbose parsed url { protocol: null,
68 verbose parsed url   slashes: null,
68 verbose parsed url   auth: null,
68 verbose parsed url   host: null,
68 verbose parsed url   port: null,
68 verbose parsed url   hostname: null,
68 verbose parsed url   hash: null,
68 verbose parsed url   search: null,
68 verbose parsed url   query: null,
68 verbose parsed url   pathname: '^2.4.1',
68 verbose parsed url   path: '^2.4.1',
68 verbose parsed url   href: '^2.4.1' }
69 verbose addNamed [ 'lodash', '^2.4.1' ]
70 verbose addNamed [ null, '>=2.4.1-0 <3.0.0-0' ]
71 verbose cache add name="moment" spec="^2.9.0" args=["moment","^2.9.0"]
72 verbose parsed url { protocol: null,
72 verbose parsed url   slashes: null,
72 verbose parsed url   auth: null,
72 verbose parsed url   host: null,
72 verbose parsed url   port: null,
72 verbose parsed url   hostname: null,
72 verbose parsed url   hash: null,
72 verbose parsed url   search: null,
72 verbose parsed url   query: null,
72 verbose parsed url   pathname: '^2.9.0',
72 verbose parsed url   path: '^2.9.0',
72 verbose parsed url   href: '^2.9.0' }
73 verbose addNamed [ 'moment', '^2.9.0' ]
74 verbose addNamed [ null, '>=2.9.0-0 <3.0.0-0' ]
75 verbose cache add name="request" spec="^2.51.0" args=["request","^2.51.0"]
76 verbose parsed url { protocol: null,
76 verbose parsed url   slashes: null,
76 verbose parsed url   auth: null,
76 verbose parsed url   host: null,
76 verbose parsed url   port: null,
76 verbose parsed url   hostname: null,
76 verbose parsed url   hash: null,
76 verbose parsed url   search: null,
76 verbose parsed url   query: null,
76 verbose parsed url   pathname: '^2.51.0',
76 verbose parsed url   path: '^2.51.0',
76 verbose parsed url   href: '^2.51.0' }
77 verbose addNamed [ 'request', '^2.51.0' ]
78 verbose addNamed [ null, '>=2.51.0-0 <3.0.0-0' ]
79 silly lockFile 1d45c49d-bcryptjs-2-1-0 bcryptjs@^2.1.0
80 verbose lock bcryptjs@^2.1.0 C:\Users\prusd_000\AppData\Roaming\npm-cache\1d45c49d-bcryptjs-2-1-0.lock
81 silly lockFile a49948c1-body-parser-1-8-1 body-parser@~1.8.1
82 verbose lock body-parser@~1.8.1 C:\Users\prusd_000\AppData\Roaming\npm-cache\a49948c1-body-parser-1-8-1.lock
83 silly lockFile 6ae7fa08-express-4-9-0 express@~4.9.0
84 verbose lock express@~4.9.0 C:\Users\prusd_000\AppData\Roaming\npm-cache\6ae7fa08-express-4-9-0.lock
85 silly lockFile aed126bd-mongoose-3-8-22 mongoose@^3.8.22
86 verbose lock mongoose@^3.8.22 C:\Users\prusd_000\AppData\Roaming\npm-cache\aed126bd-mongoose-3-8-22.lock
87 silly lockFile a4a9bdf4-morgan-1-3-0 morgan@~1.3.0
88 verbose lock morgan@~1.3.0 C:\Users\prusd_000\AppData\Roaming\npm-cache\a4a9bdf4-morgan-1-3-0.lock
89 silly lockFile 7f39d2c2-async-0-9-0 async@^0.9.0
90 verbose lock async@^0.9.0 C:\Users\prusd_000\AppData\Roaming\npm-cache\7f39d2c2-async-0-9-0.lock
91 silly lockFile e05aa247-jwt-simple-0-2-0 jwt-simple@^0.2.0
92 verbose lock jwt-simple@^0.2.0 C:\Users\prusd_000\AppData\Roaming\npm-cache\e05aa247-jwt-simple-0-2-0.lock
93 silly lockFile 59759450-lodash-2-4-1 lodash@^2.4.1
94 verbose lock lodash@^2.4.1 C:\Users\prusd_000\AppData\Roaming\npm-cache\59759450-lodash-2-4-1.lock
95 silly lockFile 626a7352-moment-2-9-0 moment@^2.9.0
96 verbose lock moment@^2.9.0 C:\Users\prusd_000\AppData\Roaming\npm-cache\626a7352-moment-2-9-0.lock
97 silly lockFile 760a03cb-request-2-51-0 request@^2.51.0
98 verbose lock request@^2.51.0 C:\Users\prusd_000\AppData\Roaming\npm-cache\760a03cb-request-2-51-0.lock
99 silly addNameRange { name: 'bcryptjs', range: '>=2.1.0-0 <3.0.0-0', hasData: false }
100 silly addNameRange { name: 'body-parser',
100 silly addNameRange   range: '>=1.8.1-0 <1.9.0-0',
100 silly addNameRange   hasData: false }
101 silly addNameRange { name: 'express', range: '>=4.9.0-0 <4.10.0-0', hasData: false }
102 silly addNameRange { name: 'async', range: '>=0.9.0-0 <0.10.0-0', hasData: false }
103 silly addNameRange { name: 'mongoose',
103 silly addNameRange   range: '>=3.8.22-0 <4.0.0-0',
103 silly addNameRange   hasData: false }
104 silly addNameRange { name: 'jwt-simple',
104 silly addNameRange   range: '>=0.2.0-0 <0.3.0-0',
104 silly addNameRange   hasData: false }
105 silly addNameRange { name: 'morgan', range: '>=1.3.0-0 <1.4.0-0', hasData: false }
106 silly addNameRange { name: 'lodash', range: '>=2.4.1-0 <3.0.0-0', hasData: false }
107 silly addNameRange { name: 'request', range: '>=2.51.0-0 <3.0.0-0', hasData: false }
108 silly addNameRange { name: 'moment', range: '>=2.9.0-0 <3.0.0-0', hasData: false }
109 verbose request where is /bcryptjs
110 verbose request registry https://registry.npmjs.org/
111 verbose request id 95adebd9d73cd4c2
112 verbose url raw /bcryptjs
113 verbose url resolving [ 'https://registry.npmjs.org/', './bcryptjs' ]
114 verbose url resolved https://registry.npmjs.org/bcryptjs
115 verbose request where is https://registry.npmjs.org/bcryptjs
116 info trying registry request attempt 1 at 18:25:00
117 verbose etag "1H1Y71ECI5PV1FU93VQYI4YHG"
118 http GET https://registry.npmjs.org/bcryptjs
119 verbose request where is /body-parser
120 verbose request registry https://registry.npmjs.org/
121 verbose url raw /body-parser
122 verbose url resolving [ 'https://registry.npmjs.org/', './body-parser' ]
123 verbose url resolved https://registry.npmjs.org/body-parser
124 verbose request where is https://registry.npmjs.org/body-parser
125 info trying registry request attempt 1 at 18:25:00
126 verbose etag "3HS7E1CIWPCUGCS7FBY4EXW81"
127 http GET https://registry.npmjs.org/body-parser
128 verbose request where is /async
129 verbose request registry https://registry.npmjs.org/
130 verbose url raw /async
131 verbose url resolving [ 'https://registry.npmjs.org/', './async' ]
132 verbose url resolved https://registry.npmjs.org/async
133 verbose request where is https://registry.npmjs.org/async
134 info trying registry request attempt 1 at 18:25:00
135 verbose etag "AWVZN132E6ODLTJYTXJ9HRYGP"
136 http GET https://registry.npmjs.org/async
137 verbose request where is /jwt-simple
138 verbose request registry https://registry.npmjs.org/
139 verbose url raw /jwt-simple
140 verbose url resolving [ 'https://registry.npmjs.org/', './jwt-simple' ]
141 verbose url resolved https://registry.npmjs.org/jwt-simple
142 verbose request where is https://registry.npmjs.org/jwt-simple
143 info trying registry request attempt 1 at 18:25:00
144 verbose etag "9BGXU95URKZILGHP0ZLQWHEDA"
145 http GET https://registry.npmjs.org/jwt-simple
146 verbose request where is /morgan
147 verbose request registry https://registry.npmjs.org/
148 verbose url raw /morgan
149 verbose url resolving [ 'https://registry.npmjs.org/', './morgan' ]
150 verbose url resolved https://registry.npmjs.org/morgan
151 verbose request where is https://registry.npmjs.org/morgan
152 info trying registry request attempt 1 at 18:25:00
153 verbose etag "AVN7HSME1BM4Q2PR458NY9M89"
154 http GET https://registry.npmjs.org/morgan
155 verbose request where is /express
156 verbose request registry https://registry.npmjs.org/
157 verbose url raw /express
158 verbose url resolving [ 'https://registry.npmjs.org/', './express' ]
159 verbose url resolved https://registry.npmjs.org/express
160 verbose request where is https://registry.npmjs.org/express
161 info trying registry request attempt 1 at 18:25:00
162 verbose etag "9R0TO8C4KY0SSXK6DS185LD5M"
163 http GET https://registry.npmjs.org/express
164 verbose request where is /mongoose
165 verbose request registry https://registry.npmjs.org/
166 verbose url raw /mongoose
167 verbose url resolving [ 'https://registry.npmjs.org/', './mongoose' ]
168 verbose url resolved https://registry.npmjs.org/mongoose
169 verbose request where is https://registry.npmjs.org/mongoose
170 info trying registry request attempt 1 at 18:25:00
171 verbose etag "DD5YG1L3V7GLEXJW4NS9LFPR3"
172 http GET https://registry.npmjs.org/mongoose
173 verbose request where is /lodash
174 verbose request registry https://registry.npmjs.org/
175 verbose url raw /lodash
176 verbose url resolving [ 'https://registry.npmjs.org/', './lodash' ]
177 verbose url resolved https://registry.npmjs.org/lodash
178 verbose request where is https://registry.npmjs.org/lodash
179 info trying registry request attempt 1 at 18:25:00
180 verbose etag "EWTN5Z7M30VKZSKGFQ9IX8QJ4"
181 http GET https://registry.npmjs.org/lodash
182 verbose request where is /request
183 verbose request registry https://registry.npmjs.org/
184 verbose url raw /request
185 verbose url resolving [ 'https://registry.npmjs.org/', './request' ]
186 verbose url resolved https://registry.npmjs.org/request
187 verbose request where is https://registry.npmjs.org/request
188 info trying registry request attempt 1 at 18:25:00
189 verbose etag "6PK4O46GALBFEQRSRE9TU5CFU"
190 http GET https://registry.npmjs.org/request
191 verbose request where is /moment
192 verbose request registry https://registry.npmjs.org/
193 verbose url raw /moment
194 verbose url resolving [ 'https://registry.npmjs.org/', './moment' ]
195 verbose url resolved https://registry.npmjs.org/moment
196 verbose request where is https://registry.npmjs.org/moment
197 info trying registry request attempt 1 at 18:25:00
198 verbose etag "7GYR6DTGSQJL8MAAOAPKZB19O"
199 http GET https://registry.npmjs.org/moment
200 info retry will retry, error on last attempt: Error: connect EACCES
201 info retry will retry, error on last attempt: Error: connect EACCES
202 info retry will retry, error on last attempt: Error: connect EACCES
203 info retry will retry, error on last attempt: Error: connect EACCES
204 info retry will retry, error on last attempt: Error: connect EACCES
205 info retry will retry, error on last attempt: Error: connect EACCES
206 info retry will retry, error on last attempt: Error: connect EACCES
207 info retry will retry, error on last attempt: Error: connect EACCES
208 info retry will retry, error on last attempt: Error: connect EACCES
209 info retry will retry, error on last attempt: Error: connect EACCES
210 info trying registry request attempt 2 at 18:25:11
211 verbose etag "9BGXU95URKZILGHP0ZLQWHEDA"
212 http GET https://registry.npmjs.org/jwt-simple
213 info trying registry request attempt 2 at 18:25:11
214 verbose etag "AWVZN132E6ODLTJYTXJ9HRYGP"
215 http GET https://registry.npmjs.org/async
216 info trying registry request attempt 2 at 18:25:11
217 verbose etag "AVN7HSME1BM4Q2PR458NY9M89"
218 http GET https://registry.npmjs.org/morgan
219 info trying registry request attempt 2 at 18:25:11
220 verbose etag "1H1Y71ECI5PV1FU93VQYI4YHG"
221 http GET https://registry.npmjs.org/bcryptjs
222 info trying registry request attempt 2 at 18:25:11
223 verbose etag "3HS7E1CIWPCUGCS7FBY4EXW81"
224 http GET https://registry.npmjs.org/body-parser
225 info trying registry request attempt 2 at 18:25:11
226 verbose etag "9R0TO8C4KY0SSXK6DS185LD5M"
227 http GET https://registry.npmjs.org/express
228 info trying registry request attempt 2 at 18:25:11
229 verbose etag "DD5YG1L3V7GLEXJW4NS9LFPR3"
230 http GET https://registry.npmjs.org/mongoose
231 info trying registry request attempt 2 at 18:25:11
232 verbose etag "EWTN5Z7M30VKZSKGFQ9IX8QJ4"
233 http GET https://registry.npmjs.org/lodash
234 info trying registry request attempt 2 at 18:25:11
235 verbose etag "6PK4O46GALBFEQRSRE9TU5CFU"
236 http GET https://registry.npmjs.org/request
237 info trying registry request attempt 2 at 18:25:11
238 verbose etag "7GYR6DTGSQJL8MAAOAPKZB19O"
239 http GET https://registry.npmjs.org/moment
240 info retry will retry, error on last attempt: Error: connect EACCES
241 info retry will retry, error on last attempt: Error: connect EACCES
242 info retry will retry, error on last attempt: Error: connect EACCES
243 info retry will retry, error on last attempt: Error: connect EACCES
244 info retry will retry, error on last attempt: Error: connect EACCES
245 info retry will retry, error on last attempt: Error: connect EACCES
246 info retry will retry, error on last attempt: Error: connect EACCES
247 info retry will retry, error on last attempt: Error: connect EACCES
248 info retry will retry, error on last attempt: Error: connect EACCES
249 info retry will retry, error on last attempt: Error: connect EACCES
250 info trying registry request attempt 3 at 18:26:11
251 verbose etag "9BGXU95URKZILGHP0ZLQWHEDA"
252 http GET https://registry.npmjs.org/jwt-simple
253 info trying registry request attempt 3 at 18:26:11
254 verbose etag "AWVZN132E6ODLTJYTXJ9HRYGP"
255 http GET https://registry.npmjs.org/async
256 info trying registry request attempt 3 at 18:26:11
257 verbose etag "AVN7HSME1BM4Q2PR458NY9M89"
258 http GET https://registry.npmjs.org/morgan
259 info trying registry request attempt 3 at 18:26:11
260 verbose etag "1H1Y71ECI5PV1FU93VQYI4YHG"
261 http GET https://registry.npmjs.org/bcryptjs
262 info trying registry request attempt 3 at 18:26:11
263 verbose etag "3HS7E1CIWPCUGCS7FBY4EXW81"
264 http GET https://registry.npmjs.org/body-parser
265 info trying registry request attempt 3 at 18:26:11
266 verbose etag "9R0TO8C4KY0SSXK6DS185LD5M"
267 http GET https://registry.npmjs.org/express
268 info trying registry request attempt 3 at 18:26:11
269 verbose etag "DD5YG1L3V7GLEXJW4NS9LFPR3"
270 http GET https://registry.npmjs.org/mongoose
271 info trying registry request attempt 3 at 18:26:11
272 verbose etag "EWTN5Z7M30VKZSKGFQ9IX8QJ4"
273 http GET https://registry.npmjs.org/lodash
274 info trying registry request attempt 3 at 18:26:11
275 verbose etag "6PK4O46GALBFEQRSRE9TU5CFU"
276 http GET https://registry.npmjs.org/request
277 info trying registry request attempt 3 at 18:26:11
278 verbose etag "7GYR6DTGSQJL8MAAOAPKZB19O"
279 http GET https://registry.npmjs.org/moment
280 silly registry.get cb [ 304, undefined ]
281 verbose etag https://registry.npmjs.org/async from cache
282 silly registry.get cb [ 304, undefined ]
283 verbose etag https://registry.npmjs.org/morgan from cache
284 silly registry.get cb [ 304, undefined ]
285 verbose etag https://registry.npmjs.org/bcryptjs from cache
286 silly registry.get cb [ 304, undefined ]
287 verbose etag https://registry.npmjs.org/jwt-simple from cache
288 silly registry.get cb [ 304, undefined ]
289 verbose etag https://registry.npmjs.org/body-parser from cache
290 silly registry.get cb [ 304, undefined ]
291 verbose etag https://registry.npmjs.org/express from cache
292 silly registry.get cb [ 304, undefined ]
293 verbose etag https://registry.npmjs.org/mongoose from cache
294 silly registry.get cb [ 304, undefined ]
295 verbose etag https://registry.npmjs.org/lodash from cache
296 silly registry.get cb [ 304, undefined ]
297 verbose etag https://registry.npmjs.org/request from cache
298 silly registry.get cb [ 304, undefined ]
299 verbose etag https://registry.npmjs.org/moment from cache
300 silly addNameRange number 2 { name: 'request', range: '>=2.51.0-0 <3.0.0-0', hasData: true }
301 silly addNameRange versions [ 'request',
301 silly addNameRange   [ '0.10.0',
301 silly addNameRange     '0.8.3',
301 silly addNameRange     '0.9.0',
301 silly addNameRange     '0.9.1',
301 silly addNameRange     '0.9.5',
301 silly addNameRange     '1.0.0',
301 silly addNameRange     '1.1.0',
301 silly addNameRange     '1.1.1',
301 silly addNameRange     '1.2.0',
301 silly addNameRange     '1.9.0',
301 silly addNameRange     '1.9.1',
301 silly addNameRange     '1.9.2',
301 silly addNameRange     '1.9.3',
301 silly addNameRange     '1.9.5',
301 silly addNameRange     '1.9.7',
301 silly addNameRange     '1.9.8',
301 silly addNameRange     '1.9.9',
301 silly addNameRange     '2.0.0',
301 silly addNameRange     '2.0.1',
301 silly addNameRange     '2.0.2',
301 silly addNameRange     '2.0.3',
301 silly addNameRange     '2.0.4',
301 silly addNameRange     '2.0.5',
301 silly addNameRange     '2.1.0',
301 silly addNameRange     '2.1.1',
301 silly addNameRange     '2.2.0',
301 silly addNameRange     '2.2.5',
301 silly addNameRange     '2.2.6',
301 silly addNameRange     '2.2.9',
301 silly addNameRange     '2.9.0',
301 silly addNameRange     '2.9.1',
301 silly addNameRange     '2.9.2',
301 silly addNameRange     '2.9.3',
301 silly addNameRange     '2.9.100',
301 silly addNameRange     '2.9.150',
301 silly addNameRange     '2.9.151',
301 silly addNameRange     '2.9.152',
301 silly addNameRange     '2.9.153',
301 silly addNameRange     '2.9.200',
301 silly addNameRange     '2.9.201',
301 silly addNameRange     '2.9.202',
301 silly addNameRange     '2.9.203',
301 silly addNameRange     '2.10.0',
301 silly addNameRange     '2.11.0',
301 silly addNameRange     '2.11.1',
301 silly addNameRange     '2.11.2',
301 silly addNameRange     '2.11.3',
301 silly addNameRange     '2.11.4',
301 silly addNameRange     '2.12.0',
301 silly addNameRange     '2.14.0',
301 silly addNameRange     '2.16.0',
301 silly addNameRange     '2.16.2',
301 silly addNameRange     '2.16.4',
301 silly addNameRange     '2.16.6',
301 silly addNameRange     '2.18.0',
301 silly addNameRange     '2.19.0',
301 silly addNameRange     '2.20.0',
301 silly addNameRange     '2.21.0',
301 silly addNameRange     '2.22.0',
301 silly addNameRange     '2.23.0',
301 silly addNameRange     '2.24.0',
301 silly addNameRange     '2.25.0',
301 silly addNameRange     '2.26.0',
301 silly addNameRange     '2.27.0',
301 silly addNameRange     '2.28.0',
301 silly addNameRange     '2.29.0',
301 silly addNameRange     '2.30.0',
301 silly addNameRange     '2.31.0',
301 silly addNameRange     '2.32.0',
301 silly addNameRange     '2.33.0',
301 silly addNameRange     '2.34.0',
301 silly addNameRange     '2.35.0',
301 silly addNameRange     '2.36.0',
301 silly addNameRange     '2.37.0',
301 silly addNameRange     '2.38.0',
301 silly addNameRange     '2.39.0',
301 silly addNameRange     '2.40.0',
301 silly addNameRange     '2.41.0',
301 silly addNameRange     '2.42.0',
301 silly addNameRange     '2.43.0',
301 silly addNameRange     '2.44.0',
301 silly addNameRange     '2.45.0',
301 silly addNameRange     '2.46.0',
301 silly addNameRange     '2.47.0',
301 silly addNameRange     '2.48.0',
301 silly addNameRange     '2.49.0',
301 silly addNameRange     '2.50.0',
301 silly addNameRange     '2.51.0' ] ]
302 verbose addNamed [ 'request', '2.51.0' ]
303 verbose addNamed [ '2.51.0', '2.51.0' ]
304 silly lockFile 85707acc-request-2-51-0 request@2.51.0
305 verbose lock request@2.51.0 C:\Users\prusd_000\AppData\Roaming\npm-cache\85707acc-request-2-51-0.lock
306 silly addNameRange number 2 { name: 'jwt-simple',
306 silly addNameRange   range: '>=0.2.0-0 <0.3.0-0',
306 silly addNameRange   hasData: true }
307 silly addNameRange versions [ 'jwt-simple', [ '0.1.0', '0.2.0' ] ]
308 verbose addNamed [ 'jwt-simple', '0.2.0' ]
309 verbose addNamed [ '0.2.0', '0.2.0' ]
310 silly lockFile 3b0c8105-jwt-simple-0-2-0 jwt-simple@0.2.0
311 verbose lock jwt-simple@0.2.0 C:\Users\prusd_000\AppData\Roaming\npm-cache\3b0c8105-jwt-simple-0-2-0.lock
312 silly addNameRange number 2 { name: 'bcryptjs', range: '>=2.1.0-0 <3.0.0-0', hasData: true }
313 silly addNameRange versions [ 'bcryptjs',
313 silly addNameRange   [ '0.7.5',
313 silly addNameRange     '0.7.6',
313 silly addNameRange     '0.7.7',
313 silly addNameRange     '0.7.8',
313 silly addNameRange     '0.7.10',
313 silly addNameRange     '0.7.12',
313 silly addNameRange     '1.0.0',
313 silly addNameRange     '1.0.1',
313 silly addNameRange     '1.0.2',
313 silly addNameRange     '1.0.3',
313 silly addNameRange     '1.0.4',
313 silly addNameRange     '1.0.5',
313 silly addNameRange     '1.1.0',
313 silly addNameRange     '2.0.0',
313 silly addNameRange     '2.0.1',
313 silly addNameRange     '2.0.2',
313 silly addNameRange     '2.1.0' ] ]
314 verbose addNamed [ 'bcryptjs', '2.1.0' ]
315 verbose addNamed [ '2.1.0', '2.1.0' ]
316 silly lockFile 041e8dd2-bcryptjs-2-1-0 bcryptjs@2.1.0
317 verbose lock bcryptjs@2.1.0 C:\Users\prusd_000\AppData\Roaming\npm-cache\041e8dd2-bcryptjs-2-1-0.lock
318 silly addNameRange number 2 { name: 'morgan', range: '>=1.3.0-0 <1.4.0-0', hasData: true }
319 silly addNameRange versions [ 'morgan',
319 silly addNameRange   [ '1.0.0',
319 silly addNameRange     '1.0.1',
319 silly addNameRange     '1.1.0',
319 silly addNameRange     '1.1.1',
319 silly addNameRange     '1.2.0',
319 silly addNameRange     '1.2.1',
319 silly addNameRange     '1.2.2',
319 silly addNameRange     '1.2.3',
319 silly addNameRange     '1.3.0',
319 silly addNameRange     '1.3.1',
319 silly addNameRange     '1.3.2',
319 silly addNameRange     '1.4.0',
319 silly addNameRange     '1.4.1',
319 silly addNameRange     '1.5.0',
319 silly addNameRange     '1.5.1' ] ]
320 verbose addNamed [ 'morgan', '1.3.2' ]
321 verbose addNamed [ '1.3.2', '1.3.2' ]
322 silly lockFile 7e2b41c6-morgan-1-3-2 morgan@1.3.2
323 verbose lock morgan@1.3.2 C:\Users\prusd_000\AppData\Roaming\npm-cache\7e2b41c6-morgan-1-3-2.lock
324 silly addNameRange number 2 { name: 'async', range: '>=0.9.0-0 <0.10.0-0', hasData: true }
325 silly addNameRange versions [ 'async',
325 silly addNameRange   [ '0.1.0',
325 silly addNameRange     '0.1.1',
325 silly addNameRange     '0.1.2',
325 silly addNameRange     '0.1.3',
325 silly addNameRange     '0.1.4',
325 silly addNameRange     '0.1.5',
325 silly addNameRange     '0.1.6',
325 silly addNameRange     '0.1.7',
325 silly addNameRange     '0.1.8',
325 silly addNameRange     '0.1.9',
325 silly addNameRange     '0.1.10',
325 silly addNameRange     '0.1.11',
325 silly addNameRange     '0.1.12',
325 silly addNameRange     '0.1.13',
325 silly addNameRange     '0.1.14',
325 silly addNameRange     '0.1.15',
325 silly addNameRange     '0.1.16',
325 silly addNameRange     '0.1.17',
325 silly addNameRange     '0.1.18',
325 silly addNameRange     '0.1.19',
325 silly addNameRange     '0.1.20',
325 silly addNameRange     '0.1.21',
325 silly addNameRange     '0.1.22',
325 silly addNameRange     '0.2.0',
325 silly addNameRange     '0.2.1',
325 silly addNameRange     '0.2.2',
325 silly addNameRange     '0.2.3',
325 silly addNameRange     '0.2.4',
325 silly addNameRange     '0.2.5',
325 silly addNameRange     '0.2.6',
325 silly addNameRange     '0.2.7',
325 silly addNameRange     '0.2.8',
325 silly addNameRange     '0.2.9',
325 silly addNameRange     '0.2.10',
325 silly addNameRange     '0.3.0',
325 silly addNameRange     '0.4.0',
325 silly addNameRange     '0.4.1',
325 silly addNameRange     '0.5.0',
325 silly addNameRange     '0.6.0',
325 silly addNameRange     '0.6.1',
325 silly addNameRange     '0.6.2',
325 silly addNameRange     '0.7.0',
325 silly addNameRange     '0.8.0',
325 silly addNameRange     '0.9.0' ] ]
326 verbose addNamed [ 'async', '0.9.0' ]
327 verbose addNamed [ '0.9.0', '0.9.0' ]
328 silly lockFile 9a58a886-async-0-9-0 async@0.9.0
329 verbose lock async@0.9.0 C:\Users\prusd_000\AppData\Roaming\npm-cache\9a58a886-async-0-9-0.lock
330 silly addNameRange number 2 { name: 'body-parser',
330 silly addNameRange   range: '>=1.8.1-0 <1.9.0-0',
330 silly addNameRange   hasData: true }
331 silly addNameRange versions [ 'body-parser',
331 silly addNameRange   [ '1.0.0',
331 silly addNameRange     '1.0.1',
331 silly addNameRange     '1.0.2',
331 silly addNameRange     '1.1.0',
331 silly addNameRange     '1.1.1',
331 silly addNameRange     '1.1.2',
331 silly addNameRange     '1.2.0',
331 silly addNameRange     '1.2.1',
331 silly addNameRange     '1.2.2',
331 silly addNameRange     '1.3.0',
331 silly addNameRange     '1.3.1',
331 silly addNameRange     '1.4.0',
331 silly addNameRange     '1.4.1',
331 silly addNameRange     '1.4.2',
331 silly addNameRange     '1.4.3',
331 silly addNameRange     '1.5.0',
331 silly addNameRange     '1.5.1',
331 silly addNameRange     '1.5.2',
331 silly addNameRange     '1.6.0',
331 silly addNameRange     '1.6.1',
331 silly addNameRange     '1.6.2',
331 silly addNameRange     '1.6.3',
331 silly addNameRange     '1.6.4',
331 silly addNameRange     '1.6.5',
331 silly addNameRange     '1.6.6',
331 silly addNameRange     '1.6.7',
331 silly addNameRange     '1.7.0',
331 silly addNameRange     '1.8.0',
331 silly addNameRange     '1.8.1',
331 silly addNameRange     '1.8.2',
331 silly addNameRange     '1.8.3',
331 silly addNameRange     '1.8.4',
331 silly addNameRange     '1.9.0',
331 silly addNameRange     '1.9.1',
331 silly addNameRange     '1.9.2',
331 silly addNameRange     '1.9.3',
331 silly addNameRange     '1.10.0',
331 silly addNameRange     '1.10.1',
331 silly addNameRange     '1.10.2',
331 silly addNameRange     '1.11.0' ] ]
332 verbose addNamed [ 'body-parser', '1.8.4' ]
333 verbose addNamed [ '1.8.4', '1.8.4' ]
334 silly lockFile 5cba912c-body-parser-1-8-4 body-parser@1.8.4
335 verbose lock body-parser@1.8.4 C:\Users\prusd_000\AppData\Roaming\npm-cache\5cba912c-body-parser-1-8-4.lock
336 silly addNameRange number 2 { name: 'moment', range: '>=2.9.0-0 <3.0.0-0', hasData: true }
337 silly addNameRange versions [ 'moment',
337 silly addNameRange   [ '1.0.0',
337 silly addNameRange     '1.0.1',
337 silly addNameRange     '1.1.0',
337 silly addNameRange     '1.1.1',
337 silly addNameRange     '1.2.0',
337 silly addNameRange     '1.3.0',
337 silly addNameRange     '1.4.0',
337 silly addNameRange     '1.5.0',
337 silly addNameRange     '1.5.1',
337 silly addNameRange     '1.6.0',
337 silly addNameRange     '1.6.1',
337 silly addNameRange     '1.6.2',
337 silly addNameRange     '1.7.0',
337 silly addNameRange     '1.7.1',
337 silly addNameRange     '1.7.2',
337 silly addNameRange     '2.0.0',
337 silly addNameRange     '2.1.0',
337 silly addNameRange     '2.2.1',
337 silly addNameRange     '2.3.0',
337 silly addNameRange     '2.3.1',
337 silly addNameRange     '2.4.0',
337 silly addNameRange     '2.5.0',
337 silly addNameRange     '2.5.1',
337 silly addNameRange     '2.6.0',
337 silly addNameRange     '2.7.0',
337 silly addNameRange     '2.8.1',
337 silly addNameRange     '2.8.2',
337 silly addNameRange     '2.8.3',
337 silly addNameRange     '2.8.4',
337 silly addNameRange     '2.9.0' ] ]
338 verbose addNamed [ 'moment', '2.9.0' ]
339 verbose addNamed [ '2.9.0', '2.9.0' ]
340 silly lockFile f9216bc0-moment-2-9-0 moment@2.9.0
341 verbose lock moment@2.9.0 C:\Users\prusd_000\AppData\Roaming\npm-cache\f9216bc0-moment-2-9-0.lock
342 silly addNameRange number 2 { name: 'express', range: '>=4.9.0-0 <4.10.0-0', hasData: true }
343 silly addNameRange versions [ 'express',
343 silly addNameRange   [ '0.14.0',
343 silly addNameRange     '0.14.1',
343 silly addNameRange     '1.0.0',
343 silly addNameRange     '1.0.1',
343 silly addNameRange     '1.0.2',
343 silly addNameRange     '1.0.3',
343 silly addNameRange     '1.0.4',
343 silly addNameRange     '1.0.5',
343 silly addNameRange     '1.0.6',
343 silly addNameRange     '1.0.7',
343 silly addNameRange     '1.0.8',
343 silly addNameRange     '2.0.0',
343 silly addNameRange     '2.1.0',
343 silly addNameRange     '2.1.1',
343 silly addNameRange     '2.2.0',
343 silly addNameRange     '2.2.1',
343 silly addNameRange     '2.2.2',
343 silly addNameRange     '2.3.0',
343 silly addNameRange     '2.3.1',
343 silly addNameRange     '2.3.2',
343 silly addNameRange     '2.3.3',
343 silly addNameRange     '2.3.4',
343 silly addNameRange     '2.3.5',
343 silly addNameRange     '2.3.6',
343 silly addNameRange     '2.3.7',
343 silly addNameRange     '2.3.8',
343 silly addNameRange     '2.3.9',
343 silly addNameRange     '2.3.10',
343 silly addNameRange     '2.3.11',
343 silly addNameRange     '2.3.12',
343 silly addNameRange     '2.4.0',
343 silly addNameRange     '2.4.1',
343 silly addNameRange     '2.4.2',
343 silly addNameRange     '2.4.3',
343 silly addNameRange     '2.4.4',
343 silly addNameRange     '2.4.5',
343 silly addNameRange     '2.4.6',
343 silly addNameRange     '2.4.7',
343 silly addNameRange     '2.5.0',
343 silly addNameRange     '2.5.1',
343 silly addNameRange     '2.5.2',
343 silly addNameRange     '2.5.3',
343 silly addNameRange     '2.5.4',
343 silly addNameRange     '2.5.5',
343 silly addNameRange     '2.5.6',
343 silly addNameRange     '2.5.7',
343 silly addNameRange     '2.5.8',
343 silly addNameRange     '2.5.9',
343 silly addNameRange     '2.5.10',
343 silly addNameRange     '2.5.11',
343 silly addNameRange     '3.0.0',
343 silly addNameRange     '3.0.1',
343 silly addNameRange     '3.0.2',
343 silly addNameRange     '3.0.3',
343 silly addNameRange     '3.0.4',
343 silly addNameRange     '3.0.5',
343 silly addNameRange     '3.0.6',
343 silly addNameRange     '3.1.0',
343 silly addNameRange     '3.1.1',
343 silly addNameRange     '3.1.2',
343 silly addNameRange     '3.2.0',
343 silly addNameRange     '3.2.1',
343 silly addNameRange     '3.2.2',
343 silly addNameRange     '3.2.3',
343 silly addNameRange     '3.2.4',
343 silly addNameRange     '3.2.5',
343 silly addNameRange     '3.2.6',
343 silly addNameRange     '3.3.0',
343 silly addNameRange     '3.3.1',
343 silly addNameRange     '3.3.2',
343 silly addNameRange     '3.3.3',
343 silly addNameRange     '3.3.4',
343 silly addNameRange     '3.3.5',
343 silly addNameRange     '3.3.6',
343 silly addNameRange     '1.0.0-beta',
343 silly addNameRange     '1.0.0-beta2',
343 silly addNameRange     '1.0.0-rc',
343 silly addNameRange     '1.0.0-rc2',
343 silly addNameRange     '1.0.0-rc3',
343 silly addNameRange     '1.0.0-rc4',
343 silly addNameRange     '2.0.0-beta',
343 silly addNameRange     '2.0.0-beta2',
343 silly addNameRange     '2.0.0-beta3',
343 silly addNameRange     '2.0.0-rc',
343 silly addNameRange     '2.0.0-rc2',
343 silly addNameRange     '2.0.0-rc3',
343 silly addNameRange     '3.0.0-alpha1',
343 silly addNameRange     '3.0.0-alpha2',
343 silly addNameRange     '3.0.0-alpha3',
343 silly addNameRange     '3.0.0-alpha4',
343 silly addNameRange     '3.0.0-alpha5',
343 silly addNameRange     '3.0.0-beta1',
343 silly addNameRange     '3.0.0-beta2',
343 silly addNameRange     '3.0.0-beta3',
343 silly addNameRange     '3.0.0-beta4',
343 silly addNameRange     '3.0.0-beta6',
343 silly addNameRange     '3.0.0-beta7',
343 silly addNameRange     '3.0.0-rc1',
343 silly addNameRange     '3.0.0-rc2',
343 silly addNameRange     '3.0.0-rc3',
343 silly addNameRange     '3.0.0-rc4',
343 silly addNameRange     '3.0.0-rc5',
343 silly addNameRange     '3.3.7',
343 silly addNameRange     '3.3.8',
343 silly addNameRange     '3.4.0',
343 silly addNameRange     '3.4.1',
343 silly addNameRange     '3.4.2',
343 silly addNameRange     '3.4.3',
343 silly addNameRange     '3.4.4',
343 silly addNameRange     '3.4.5',
343 silly addNameRange     '3.4.6',
343 silly addNameRange     '3.4.7',
343 silly addNameRange     '3.4.8',
343 silly addNameRange     '4.0.0-rc1',
343 silly addNameRange     '4.0.0-rc2',
343 silly addNameRange     '3.5.0',
343 silly addNameRange     '4.0.0-rc3',
343 silly addNameRange     '4.0.0-rc4',
343 silly addNameRange     '3.5.1',
343 silly addNameRange     '4.0.0',
343 silly addNameRange     '3.5.2',
343 silly addNameRange     '4.1.0',
343 silly addNameRange     '4.1.1',
343 silly addNameRange     '3.5.3',
343 silly addNameRange     '4.1.2',
343 silly addNameRange     '3.6.0',
343 silly addNameRange     '4.2.0',
343 silly addNameRange     '3.7.0',
343 silly addNameRange     '3.8.0',
343 silly addNameRange     '4.3.0',
343 silly addNameRange     '4.3.1',
343 silly addNameRange     '3.8.1',
343 silly addNameRange     '4.3.2',
343 silly addNameRange     '3.9.0',
343 silly addNameRange     '4.4.0',
343 silly addNameRange     '4.4.1',
343 silly addNameRange     '3.10.0',
343 silly addNameRange     '3.10.1',
343 silly addNameRange     '3.10.2',
343 silly addNameRange     '3.10.3',
343 silly addNameRange     '3.10.4',
343 silly addNameRange     '4.4.2',
343 silly addNameRange     '3.10.5',
343 silly addNameRange     '4.4.3',
343 silly addNameRange     '3.11.0',
343 silly addNameRange     '4.4.4',
343 silly addNameRange     '3.12.0',
343 silly addNameRange     '3.12.1',
343 silly addNameRange     '4.4.5',
343 silly addNameRange     '3.13.0',
343 silly addNameRange     '4.5.0',
343 silly addNameRange     '4.5.1',
343 silly addNameRange     '3.14.0',
343 silly addNameRange     '4.6.0',
343 silly addNameRange     '4.6.1',
343 silly addNameRange     '3.15.0',
343 silly addNameRange     '4.7.0',
343 silly addNameRange     '3.15.1',
343 silly addNameRange     '4.7.1',
343 silly addNameRange     '3.15.2',
343 silly addNameRange     '4.7.2',
343 silly addNameRange     '4.7.3',
343 silly addNameRange     '3.15.3',
343 silly addNameRange     '4.7.4',
343 silly addNameRange     '3.16.0',
343 silly addNameRange     '4.8.0',
343 silly addNameRange     '3.16.1',
343 silly addNameRange     '4.8.1',
343 silly addNameRange     '3.16.2',
343 silly addNameRange     '4.8.2',
343 silly addNameRange     '3.16.3',
343 silly addNameRange     '3.16.4',
343 silly addNameRange     '4.8.3',
343 silly addNameRange     '3.16.5',
343 silly addNameRange     '3.16.6',
343 silly addNameRange     '4.8.4',
343 silly addNameRange     '3.16.7',
343 silly addNameRange     '4.8.5',
343 silly addNameRange     '3.16.8',
343 silly addNameRange     '4.8.6',
343 silly addNameRange     '3.16.9',
343 silly addNameRange     '4.8.7',
343 silly addNameRange     '3.16.10',
343 silly addNameRange     '4.8.8',
343 silly addNameRange     '3.17.0',
343 silly addNameRange     '3.17.1',
343 silly addNameRange     '4.9.0',
343 silly addNameRange     '3.17.2',
343 silly addNameRange     '4.9.1',
343 silly addNameRange     '4.9.2',
343 silly addNameRange     '3.17.3',
343 silly addNameRange     '4.9.3',
343 silly addNameRange     '3.17.4',
343 silly addNameRange     '4.9.4',
343 silly addNameRange     '3.17.5',
343 silly addNameRange     '4.9.5',
343 silly addNameRange     '3.17.6',
343 silly addNameRange     '3.17.7',
343 silly addNameRange     '4.9.6',
343 silly addNameRange     '4.9.7',
343 silly addNameRange     '3.17.8',
343 silly addNameRange     '4.9.8',
343 silly addNameRange     '3.18.0',
343 silly addNameRange     '3.18.1',
343 silly addNameRange     '4.10.0',
343 silly addNameRange     '3.18.2',
343 silly addNameRange     '4.10.1',
343 silly addNameRange     '5.0.0-alpha.1',
343 silly addNameRange     '3.18.3',
343 silly addNameRange     '4.10.2',
343 silly addNameRange     '3.18.4',
343 silly addNameRange     '4.10.3',
343 silly addNameRange     '4.10.4',
343 silly addNameRange     '4.10.5',
343 silly addNameRange     '3.18.5',
343 silly addNameRange     '3.18.6',
343 silly addNameRange     '4.10.6',
343 silly addNameRange     '4.10.7',
343 silly addNameRange     '3.19.0',
343 silly addNameRange     '4.10.8',
343 silly addNameRange     '4.11.0',
343 silly addNameRange     '3.19.1',
343 silly addNameRange     '4.11.1' ] ]
344 verbose addNamed [ 'express', '4.9.8' ]
345 verbose addNamed [ '4.9.8', '4.9.8' ]
346 silly lockFile 3e3a25f6-express-4-9-8 express@4.9.8
347 verbose lock express@4.9.8 C:\Users\prusd_000\AppData\Roaming\npm-cache\3e3a25f6-express-4-9-8.lock
348 silly addNameRange number 2 { name: 'lodash', range: '>=2.4.1-0 <3.0.0-0', hasData: true }
349 silly addNameRange versions [ 'lodash',
349 silly addNameRange   [ '0.1.0',
349 silly addNameRange     '0.2.0',
349 silly addNameRange     '0.2.1',
349 silly addNameRange     '0.2.2',
349 silly addNameRange     '0.3.0',
349 silly addNameRange     '0.3.1',
349 silly addNameRange     '0.3.2',
349 silly addNameRange     '0.4.0',
349 silly addNameRange     '0.4.1',
349 silly addNameRange     '0.4.2',
349 silly addNameRange     '0.5.0-rc.1',
349 silly addNameRange     '0.5.0',
349 silly addNameRange     '0.5.1',
349 silly addNameRange     '0.5.2',
349 silly addNameRange     '0.6.0',
349 silly addNameRange     '0.6.1',
349 silly addNameRange     '0.7.0',
349 silly addNameRange     '0.8.0',
349 silly addNameRange     '0.8.1',
349 silly addNameRange     '0.8.2',
349 silly addNameRange     '0.9.0',
349 silly addNameRange     '0.9.1',
349 silly addNameRange     '0.9.2',
349 silly addNameRange     '0.10.0',
349 silly addNameRange     '1.0.0-rc.1',
349 silly addNameRange     '1.0.0-rc.2',
349 silly addNameRange     '1.0.0-rc.3',
349 silly addNameRange     '1.0.0',
349 silly addNameRange     '1.0.1',
349 silly addNameRange     '1.1.0',
349 silly addNameRange     '1.1.1',
349 silly addNameRange     '1.2.0',
349 silly addNameRange     '1.2.1',
349 silly addNameRange     '1.3.0',
349 silly addNameRange     '1.3.1',
349 silly addNameRange     '2.0.0',
349 silly addNameRange     '2.1.0',
349 silly addNameRange     '2.2.0',
349 silly addNameRange     '2.2.1',
349 silly addNameRange     '2.3.0',
349 silly addNameRange     '2.4.0',
349 silly addNameRange     '2.4.1',
349 silly addNameRange     '3.0.0',
349 silly addNameRange     '3.0.1' ] ]
350 verbose addNamed [ 'lodash', '2.4.1' ]
351 verbose addNamed [ '2.4.1', '2.4.1' ]
352 silly lockFile 8502be2a-lodash-2-4-1 lodash@2.4.1
353 verbose lock lodash@2.4.1 C:\Users\prusd_000\AppData\Roaming\npm-cache\8502be2a-lodash-2-4-1.lock
354 silly addNameRange number 2 { name: 'mongoose', range: '>=3.8.22-0 <4.0.0-0', hasData: true }
355 silly addNameRange versions [ 'mongoose',
355 silly addNameRange   [ '0.0.1',
355 silly addNameRange     '0.0.2',
355 silly addNameRange     '0.0.3',
355 silly addNameRange     '0.0.4',
355 silly addNameRange     '0.0.5',
355 silly addNameRange     '1.0.0',
355 silly addNameRange     '1.0.1',
355 silly addNameRange     '1.0.2',
355 silly addNameRange     '0.0.6',
355 silly addNameRange     '1.0.3',
355 silly addNameRange     '1.0.4',
355 silly addNameRange     '1.0.5',
355 silly addNameRange     '1.0.6',
355 silly addNameRange     '1.0.7',
355 silly addNameRange     '1.0.8',
355 silly addNameRange     '1.0.10',
355 silly addNameRange     '1.0.11',
355 silly addNameRange     '1.0.12',
355 silly addNameRange     '1.0.13',
355 silly addNameRange     '1.0.14',
355 silly addNameRange     '1.0.15',
355 silly addNameRange     '1.0.16',
355 silly addNameRange     '1.1.0',
355 silly addNameRange     '1.1.1',
355 silly addNameRange     '1.1.2',
355 silly addNameRange     '1.1.3',
355 silly addNameRange     '1.1.4',
355 silly addNameRange     '1.1.5',
355 silly addNameRange     '1.1.6',
355 silly addNameRange     '1.1.7',
355 silly addNameRange     '1.1.8',
355 silly addNameRange     '1.1.9',
355 silly addNameRange     '1.1.10',
355 silly addNameRange     '1.1.11',
355 silly addNameRange     '1.1.12',
355 silly addNameRange     '1.1.13',
355 silly addNameRange     '1.1.14',
355 silly addNameRange     '1.1.15',
355 silly addNameRange     '1.1.16',
355 silly addNameRange     '1.1.17',
355 silly addNameRange     '1.1.18',
355 silly addNameRange     '1.1.19',
355 silly addNameRange     '1.1.20',
355 silly addNameRange     '1.1.21',
355 silly addNameRange     '1.1.22',
355 silly addNameRange     '1.1.23',
355 silly addNameRange     '1.1.24',
355 silly addNameRange     '1.1.25',
355 silly addNameRange     '1.2.0',
355 silly addNameRange     '1.3.0',
355 silly addNameRange     '1.3.1',
355 silly addNameRange     '1.3.2',
355 silly addNameRange     '1.3.3',
355 silly addNameRange     '1.3.4',
355 silly addNameRange     '1.3.5',
355 silly addNameRange     '1.3.6',
355 silly addNameRange     '1.3.7',
355 silly addNameRange     '1.4.0',
355 silly addNameRange     '1.5.0',
355 silly addNameRange     '1.6.0',
355 silly addNameRange     '1.7.2',
355 silly addNameRange     '1.7.3',
355 silly addNameRange     '1.7.4',
355 silly addNameRange     '1.8.0',
355 silly addNameRange     '1.8.1',
355 silly addNameRange     '1.8.2',
355 silly addNameRange     '1.8.3',
355 silly addNameRange     '1.8.4',
355 silly addNameRange     '2.0.0',
355 silly addNameRange     '2.0.1',
355 silly addNameRange     '2.0.2',
355 silly addNameRange     '2.0.3',
355 silly addNameRange     '2.0.4',
355 silly addNameRange     '2.1.0',
355 silly addNameRange     '2.1.1',
355 silly addNameRange     '2.1.2',
355 silly addNameRange     '2.1.3',
355 silly addNameRange     '2.1.4',
355 silly addNameRange     '2.2.0',
355 silly addNameRange     '2.2.1',
355 silly addNameRange     '2.2.2',
355 silly addNameRange     '2.2.3',
355 silly addNameRange     '2.2.4',
355 silly addNameRange     '2.3.0',
355 silly addNameRange     '2.3.1',
355 silly addNameRange     '2.3.2',
355 silly addNameRange     '2.3.3',
355 silly addNameRange     '2.3.4',
355 silly addNameRange     '2.3.5',
355 silly addNameRange     '2.3.6',
355 silly addNameRange     '2.3.7',
355 silly addNameRange     '2.3.8',
355 silly addNameRange     '2.3.9',
355 silly addNameRange     '2.3.10',
355 silly addNameRange     '2.3.11',
355 silly addNameRange     '2.3.12',
355 silly addNameRange     '2.3.13',
355 silly addNameRange     '2.4.0',
355 silly addNameRange     '2.4.1',
355 silly addNameRange     '2.4.2',
355 silly addNameRange     '2.4.3',
355 silly addNameRange     '2.4.4',
355 silly addNameRange     '2.4.5',
355 silly addNameRange     '2.4.6',
355 silly addNameRange     '2.4.7',
355 silly addNameRange     '2.4.8',
355 silly addNameRange     '2.4.9',
355 silly addNameRange     '2.4.10',
355 silly addNameRange     '2.5.0',
355 silly addNameRange     '2.5.1',
355 silly addNameRange     '2.5.2',
355 silly addNameRange     '2.5.3',
355 silly addNameRange     '2.5.4',
355 silly addNameRange     '2.5.5',
355 silly addNameRange     '2.5.6',
355 silly addNameRange     '2.5.7',
355 silly addNameRange     '2.5.8',
355 silly addNameRange     '2.5.9',
355 silly addNameRange     '2.5.10',
355 silly addNameRange     '2.5.11',
355 silly addNameRange     '2.5.12',
355 silly addNameRange     '2.5.13',
355 silly addNameRange     '2.5.14',
355 silly addNameRange     '2.6.0',
355 silly addNameRange     '2.6.1',
355 silly addNameRange     '2.6.2',
355 silly addNameRange     '2.6.3',
355 silly addNameRange     '2.6.4',
355 silly addNameRange     '2.6.5',
355 silly addNameRange     '2.6.6',
355 silly addNameRange     '2.6.7',
355 silly addNameRange     '2.6.8',
355 silly addNameRange     '2.7.0',
355 silly addNameRange     '2.7.1',
355 silly addNameRange     '2.7.2',
355 silly addNameRange     '2.7.4',
355 silly addNameRange     '2.7.3',
355 silly addNameRange     '3.0.0',
355 silly addNameRange     '3.0.1',
355 silly addNameRange     '3.0.2',
355 silly addNameRange     '2.8.0',
355 silly addNameRange     '3.0.3',
355 silly addNameRange     '3.1.0',
355 silly addNameRange     '2.8.1',
355 silly addNameRange     '3.1.1',
355 silly addNameRange     '2.8.2',
355 silly addNameRange     '2.8.3',
355 silly addNameRange     '2.9.0',
355 silly addNameRange     '3.2.0',
355 silly addNameRange     '2.9.1',
355 silly addNameRange     '3.2.1',
355 silly addNameRange     '2.9.2',
355 silly addNameRange     '3.2.2',
355 silly addNameRange     '3.3.0',
355 silly addNameRange     '3.3.1',
355 silly addNameRange     '2.9.3',
355 silly addNameRange     '3.4.0',
355 silly addNameRange     '2.9.4',
355 silly addNameRange     '2.9.5',
355 silly addNameRange     '3.5.0',
355 silly addNameRange     '3.5.1',
355 silly addNameRange     '3.5.2',
355 silly addNameRange     '3.5.3',
355 silly addNameRange     '2.9.6',
355 silly addNameRange     '2.9.7',
355 silly addNameRange     '3.5.4',
355 silly addNameRange     '3.5.5',
355 silly addNameRange     '2.9.8',
355 silly addNameRange     '2.9.9',
355 silly addNameRange     '3.5.6',
355 silly addNameRange     '3.5.7',
355 silly addNameRange     '3.5.8',
355 silly addNameRange     '2.9.10',
355 silly addNameRange     '3.5.9',
355 silly addNameRange     '3.6.2',
355 silly addNameRange     '3.5.10',
355 silly addNameRange     '3.6.3',
355 silly addNameRange     '3.5.11',
355 silly addNameRange     '3.6.4',
355 silly addNameRange     '3.6.5',
355 silly addNameRange     '3.6.6',
355 silly addNameRange     '3.6.7',
355 silly addNameRange     '3.5.12',
355 silly addNameRange     '3.6.8',
355 silly addNameRange     '3.6.9',
355 silly addNameRange     '3.6.10',
355 silly addNameRange     '3.5.13',
355 silly addNameRange     '3.5.14',
355 silly addNameRange     '3.6.11',
355 silly addNameRange     '3.6.12',
355 silly addNameRange     '3.6.13',
355 silly addNameRange     '3.6.14',
355 silly addNameRange     '3.6.15',
355 silly addNameRange     '3.5.15',
355 silly addNameRange     '3.7.0',
355 silly addNameRange     '3.6.16',
355 silly addNameRange     '3.5.16',
355 silly addNameRange     '3.6.17',
355 silly addNameRange     '3.7.2',
355 silly addNameRange     '3.0.0-alpha1',
355 silly addNameRange     '3.0.0-alpha2',
355 silly addNameRange     '3.0.0-rc0',
355 silly addNameRange     '3.6.0-rc0',
355 silly addNameRange     '3.6.0-rc1',
355 silly addNameRange     '3.6.18',
355 silly addNameRange     '3.7.3',
355 silly addNameRange     '3.6.19',
355 silly addNameRange     '3.6.20',
355 silly addNameRange     '3.7.4',
355 silly addNameRange     '3.8.0',
355 silly addNameRange     '3.8.1',
355 silly addNameRange     '3.8.2',
355 silly addNameRange     '3.8.3',
355 silly addNameRange     '3.8.4',
355 silly addNameRange     '3.8.5',
355 silly addNameRange     '3.8.6',
355 silly addNameRange     '3.8.7',
355 silly addNameRange     '3.8.8',
355 silly addNameRange     '3.8.9',
355 silly addNameRange     '3.8.10',
355 silly addNameRange     '3.8.11',
355 silly addNameRange     '3.9.0',
355 silly addNameRange     '3.8.12',
355 silly addNameRange     '3.8.13',
355 silly addNameRange     '3.8.14',
355 silly addNameRange     '3.8.15',
355 silly addNameRange     '3.9.1',
355 silly addNameRange     '3.8.16',
355 silly addNameRange     '3.9.2',
355 silly addNameRange     '3.8.17',
355 silly addNameRange     '3.9.3',
355 silly addNameRange     '3.8.18',
355 silly addNameRange     '3.9.4',
355 silly addNameRange     '3.8.19',
355 silly addNameRange     '3.9.5',
355 silly addNameRange     '3.8.20',
355 silly addNameRange     '3.9.6',
355 silly addNameRange     '3.8.21',
355 silly addNameRange     '3.9.7',
355 silly addNameRange     '3.8.22',
355 silly addNameRange     '4.0.0-rc0' ] ]
356 verbose addNamed [ 'mongoose', '3.8.22' ]
357 verbose addNamed [ '3.8.22', '3.8.22' ]
358 silly lockFile 1574d450-mongoose-3-8-22 mongoose@3.8.22
359 verbose lock mongoose@3.8.22 C:\Users\prusd_000\AppData\Roaming\npm-cache\1574d450-mongoose-3-8-22.lock
360 silly lockFile 2d7fb097-js-org-express-express-4-9-8-tgz https://registry.npmjs.org/express/-/express-4.9.8.tgz
361 verbose lock https://registry.npmjs.org/express/-/express-4.9.8.tgz C:\Users\prusd_000\AppData\Roaming\npm-cache\2d7fb097-js-org-express-express-4-9-8-tgz.lock
362 silly lockFile 85707acc-request-2-51-0 request@2.51.0
363 silly lockFile 85707acc-request-2-51-0 request@2.51.0
364 silly lockFile 3b0c8105-jwt-simple-0-2-0 jwt-simple@0.2.0
365 silly lockFile 3b0c8105-jwt-simple-0-2-0 jwt-simple@0.2.0
366 verbose addRemoteTarball [ 'https://registry.npmjs.org/express/-/express-4.9.8.tgz',
366 verbose addRemoteTarball   'f360f596baeabbd0e5223b603d6eb578d9d2d10d' ]
367 silly lockFile 041e8dd2-bcryptjs-2-1-0 bcryptjs@2.1.0
368 silly lockFile 041e8dd2-bcryptjs-2-1-0 bcryptjs@2.1.0
369 silly lockFile 7e2b41c6-morgan-1-3-2 morgan@1.3.2
370 silly lockFile 7e2b41c6-morgan-1-3-2 morgan@1.3.2
371 silly lockFile 760a03cb-request-2-51-0 request@^2.51.0
372 silly lockFile 760a03cb-request-2-51-0 request@^2.51.0
373 silly lockFile 9a58a886-async-0-9-0 async@0.9.0
374 silly lockFile 9a58a886-async-0-9-0 async@0.9.0
375 silly lockFile 5cba912c-body-parser-1-8-4 body-parser@1.8.4
376 silly lockFile 5cba912c-body-parser-1-8-4 body-parser@1.8.4
377 silly lockFile e05aa247-jwt-simple-0-2-0 jwt-simple@^0.2.0
378 silly lockFile e05aa247-jwt-simple-0-2-0 jwt-simple@^0.2.0
379 silly lockFile 1d45c49d-bcryptjs-2-1-0 bcryptjs@^2.1.0
380 silly lockFile 1d45c49d-bcryptjs-2-1-0 bcryptjs@^2.1.0
381 silly lockFile a4a9bdf4-morgan-1-3-0 morgan@~1.3.0
382 silly lockFile a4a9bdf4-morgan-1-3-0 morgan@~1.3.0
383 silly lockFile 7f39d2c2-async-0-9-0 async@^0.9.0
384 silly lockFile 7f39d2c2-async-0-9-0 async@^0.9.0
385 silly lockFile a49948c1-body-parser-1-8-1 body-parser@~1.8.1
386 silly lockFile a49948c1-body-parser-1-8-1 body-parser@~1.8.1
387 silly lockFile f9216bc0-moment-2-9-0 moment@2.9.0
388 silly lockFile f9216bc0-moment-2-9-0 moment@2.9.0
389 silly lockFile 8502be2a-lodash-2-4-1 lodash@2.4.1
390 silly lockFile 8502be2a-lodash-2-4-1 lodash@2.4.1
391 silly lockFile 1574d450-mongoose-3-8-22 mongoose@3.8.22
392 silly lockFile 1574d450-mongoose-3-8-22 mongoose@3.8.22
393 silly lockFile 626a7352-moment-2-9-0 moment@^2.9.0
394 silly lockFile 626a7352-moment-2-9-0 moment@^2.9.0
395 silly lockFile 59759450-lodash-2-4-1 lodash@^2.4.1
396 silly lockFile 59759450-lodash-2-4-1 lodash@^2.4.1
397 silly lockFile aed126bd-mongoose-3-8-22 mongoose@^3.8.22
398 silly lockFile aed126bd-mongoose-3-8-22 mongoose@^3.8.22
399 info retry fetch attempt 1 at 18:26:30
400 verbose fetch to= C:\Users\PRUSD_~1\AppData\Local\Temp\npm-3532-gi5qBpAy\registry.npmjs.org\express\-\express-4.9.8.tgz
401 http GET https://registry.npmjs.org/express/-/express-4.9.8.tgz
402 error fetch failed https://registry.npmjs.org/express/-/express-4.9.8.tgz
403 info retry will retry, error on last attempt: Error: connect EACCES
404 info retry fetch attempt 2 at 18:26:40
405 verbose fetch to= C:\Users\PRUSD_~1\AppData\Local\Temp\npm-3532-gi5qBpAy\registry.npmjs.org\express\-\express-4.9.8.tgz
406 http GET https://registry.npmjs.org/express/-/express-4.9.8.tgz
407 error fetch failed https://registry.npmjs.org/express/-/express-4.9.8.tgz
408 info retry will retry, error on last attempt: Error: connect EACCES
409 info retry fetch attempt 3 at 18:27:40
410 verbose fetch to= C:\Users\PRUSD_~1\AppData\Local\Temp\npm-3532-gi5qBpAy\registry.npmjs.org\express\-\express-4.9.8.tgz
411 http GET https://registry.npmjs.org/express/-/express-4.9.8.tgz
412 error fetch failed https://registry.npmjs.org/express/-/express-4.9.8.tgz
413 silly lockFile 2d7fb097-js-org-express-express-4-9-8-tgz https://registry.npmjs.org/express/-/express-4.9.8.tgz
414 silly lockFile 2d7fb097-js-org-express-express-4-9-8-tgz https://registry.npmjs.org/express/-/express-4.9.8.tgz
415 silly lockFile 3e3a25f6-express-4-9-8 express@4.9.8
416 silly lockFile 3e3a25f6-express-4-9-8 express@4.9.8
417 silly lockFile 6ae7fa08-express-4-9-0 express@~4.9.0
418 silly lockFile 6ae7fa08-express-4-9-0 express@~4.9.0
419 error Error: connect EACCES
419 error     at errnoException (net.js:904:11)
419 error     at Object.afterConnect [as oncomplete] (net.js:895:19)
419 error  { [Error: connect EACCES]
419 error   code: 'EACCES',
419 error   errno: 'EACCES',
419 error   syscall: 'connect',
419 error   parent: 'writing-prompts' }
420 error Please try running this command again as root/Administrator.
421 error System Windows_NT 6.2.9200
422 error command "C:\\Program Files\\nodejs\\\\node.exe" "C:\\Program Files\\nodejs\\node_modules\\npm\\bin\\npm-cli.js" "install"
423 error cwd C:\Users\prusd_000\WebApps\writing-prompts
424 error node -v v0.10.33
425 error npm -v 1.4.28
426 error syscall connect
427 error code EACCES
428 error errno EACCES
429 error stack Error: connect EACCES
429 error stack     at errnoException (net.js:904:11)
429 error stack     at Object.afterConnect [as oncomplete] (net.js:895:19)
430 verbose exit [ 1, true ]
